  Apple.cpp
  Dungeon.cpp
E:\PL2 Project\Project_Work\Dungeon.cpp(452,26): warning C4018: '<': signed/unsigned mismatch
  GameObject.cpp
  GamePlay.cpp
E:\PL2 Project\Project_Work\GamePlay.cpp(177,27): warning C4018: '<': signed/unsigned mismatch
E:\PL2 Project\Project_Work\GamePlay.cpp(218,27): warning C4018: '<': signed/unsigned mismatch
E:\PL2 Project\Project_Work\GamePlay.cpp(261,27): warning C4018: '<': signed/unsigned mismatch
  Gem.cpp
  Logger.cpp
E:\PL2 Project\Project_Work\Logger.cpp(16,23): warning C4018: '<': signed/unsigned mismatch
  main.cpp
  Monster.cpp
  Player.cpp
  Position.cpp
  Generating code
  Previous IPDB not found, fall back to full compilation.
  All 513 functions were compiled because no usable IPDB/IOBJ from previous compilation was found.
  Finished generating code
  Project_Work.vcxproj -> E:\PL2 Project\Release\Project_Work.exe
